04:16:41 **** Incremental Build of configuration Release for project DIO-BASICS ****
make all 
'Building file: ../main.c'
'Invoking: AVR Compiler'
avr-gcc -Wall -Os -fpack-struct -fshort-enums -ffunction-sections -fdata-sections -std=gnu99 -funsigned-char -funsigned-bitfields -mmcu=atmega16 -DF_CPU=1000000UL -MMD -MP -MF"main.d" -MT"main.o" -c -o "main.o" "../main.c"
'Finished building: ../main.c'
' '
'Building target: DIO-BASICS.elf'
'Invoking: AVR C Linker'
avr-gcc -Wl,-Map,DIO-BASICS.map -mmcu=atmega16 -o "DIO-BASICS.elf"  ./main.o   
'Finished building target: DIO-BASICS.elf'
' '
'Invoking: AVR Create Extended Listing'
avr-objdump -h -S DIO-BASICS.elf  >"DIO-BASICS.lss"
'Finished building: DIO-BASICS.lss'
' '
'Create Flash image (ihex format)'
avr-objcopy -R .eeprom -R .fuse -R .lock -R .signature -O ihex DIO-BASICS.elf  "DIO-BASICS.hex"
'Finished building: DIO-BASICS.hex'
' '
'Create eeprom image (ihex format)'
avr-objcopy -j .eeprom --no-change-warnings --change-section-lma .eeprom=0 -O ihex DIO-BASICS.elf  "DIO-BASICS.eep"
'Finished building: DIO-BASICS.eep'
' '
'Invoking: Print Size'
avr-size --format=avr --mcu=atmega16 DIO-BASICS.elf
AVR Memory Usage
----------------
Device: atmega16

Program:     174 bytes (1.1% Full)
(.text + .data + .bootloader)

Data:          0 bytes (0.0% Full)
(.data + .bss + .noinit)


'Finished building: sizedummy'
' '

04:16:44 Build Finished. 0 errors, 0 warnings. (took 2s.433ms)

