19:38:58 **** Incremental Build of configuration Debug for project workiingplace ****
make all 
'Building file: ../DIO/APP/main.c'
'Invoking: AVR Compiler'
avr-gcc -Wall -g2 -gstabs -O0 -fpack-struct -fshort-enums -ffunction-sections -fdata-sections -std=gnu99 -funsigned-char -funsigned-bitfields -mmcu=atmega32 -DF_CPU=1000000UL -MMD -MP -MF"DIO/APP/main.d" -MT"DIO/APP/main.o" -c -o "DIO/APP/main.o" "../DIO/APP/main.c"
In file included from ../DIO/APP/main.c:1:
c:/eclipse/winavr-20100110/lib/gcc/../../avr/include/util/delay.h:90:3: warning: #warning "Compiler optimizations disabled; functions from <util/delay.h> won't work as designed"
../DIO/APP/main.c: In function 'main':
../DIO/APP/main.c:15: warning: implicit declaration of function 'LCD_void_Init'
../DIO/APP/main.c:18: warning: implicit declaration of function 'LCD_void_SendData'
'Finished building: ../DIO/APP/main.c'
' '
'Building target: workiingplace.elf'
'Invoking: AVR C Linker'
avr-gcc -Wl,-Map,workiingplace.map -mmcu=atmega32 -o "workiingplace.elf"  ./DIO/MCAL/PORT/MPORT_program.o  ./DIO/MCAL/GIE/MGIE_program.o  ./DIO/MCAL/EXTI/MEXTI_program.o  ./DIO/MCAL/DIO/MDIO_program.o  ./DIO/MCAL/ADC/MADC_program.o  ./DIO/HAL/LCD/HLCD_program.o  ./DIO/HAL/KEYPAD/HKEYPAD_program.o  ./DIO/APP/main.o   
'Finished building target: workiingplace.elf'
' '
'Invoking: AVR Create Extended Listing'
avr-objdump -h -S workiingplace.elf  >"workiingplace.lss"
'Finished building: workiingplace.lss'
' '
'Create Flash image (ihex format)'
avr-objcopy -R .eeprom -R .fuse -R .lock -R .signature -O ihex workiingplace.elf  "workiingplace.hex"
'Finished building: workiingplace.hex'
' '
'Invoking: Print Size'
avr-size --format=avr --mcu=atmega32 workiingplace.elf
AVR Memory Usage
----------------
Device: atmega32

Program:    9890 bytes (30.2% Full)
(.text + .data + .bootloader)

Data:         61 bytes (3.0% Full)
(.data + .bss + .noinit)


'Finished building: sizedummy'
' '

19:39:00 Build Finished. 0 errors, 3 warnings. (took 1s.952ms)

